<?xml version="1.0" encoding="UTF-8"?>
<!-- Generated by org.testng.reporters.JUnitXMLReporter -->
<testsuite ignored="0" hostname="DESKTOP-ABLBB1N" failures="0" tests="3" name="Default test" time="0.103" errors="0" timestamp="2025-01-09T10:39:09 IST">
  <testcase classname="day44.LoginTests" name="loginByMail" time="0.035"/>
  <testcase classname="day44.LoginTests" name="loginByFacebook" time="0.004"/>
  <testcase classname="day44.LoginTests" name="loginByTwitter" time="0.002"/>
</testsuite> <!-- Default test -->
