<?xml version="1.0" encoding="UTF-8"?>
<!-- Generated by org.testng.reporters.JUnitXMLReporter -->
<testsuite ignored="6" hostname="DESKTOP-ABLBB1N" failures="0" tests="2" name="groupingtests" time="0.06" errors="0" timestamp="2024-11-12T08:28:47 IST">
  <testcase classname="day44.PaymentTests" name="paymentInRupees" time="0.009"/>
  <testcase classname="day44.PaymentTests" name="paymentInDollers" time="0.005"/>
  <testcase classname="day44.SignupTests" name="signupByFacebook" time="0.0">
    <ignored/>
  </testcase> <!-- signupByFacebook -->
  <testcase classname="day44.LoginTests" name="loginByFacebook" time="0.0">
    <ignored/>
  </testcase> <!-- loginByFacebook -->
  <testcase classname="day44.LoginTests" name="loginByTwitter" time="0.0">
    <ignored/>
  </testcase> <!-- loginByTwitter -->
  <testcase classname="day44.SignupTests" name="signupByTwitter" time="0.0">
    <ignored/>
  </testcase> <!-- signupByTwitter -->
  <testcase classname="day44.LoginTests" name="loginByMail" time="0.0">
    <ignored/>
  </testcase> <!-- loginByMail -->
  <testcase classname="day44.SignupTests" name="signupByMail" time="0.0">
    <ignored/>
  </testcase> <!-- signupByMail -->
</testsuite> <!-- groupingtests -->
