<?xml version="1.0" encoding="UTF-8"?>
<!-- Generated by org.testng.reporters.JUnitXMLReporter -->
<testsuite ignored="0" hostname="DESKTOP-ABLBB1N" failures="0" tests="3" name="FirefoxTest" time="13.508" errors="0" timestamp="2024-11-15T10:11:30 IST">
  <testcase classname="day45.ParamTest" name="testLogo" time="0.074"/>
  <testcase classname="day45.ParamTest" name="testTitle" time="0.007"/>
  <testcase classname="day45.ParamTest" name="testURL" time="0.005"/>
</testsuite> <!-- FirefoxTest -->
