<?xml version="1.0" encoding="UTF-8"?>
<testng-results ignored="0" total="1" passed="1" failed="0" skipped="0">
  <reporter-output>
  </reporter-output>
  <suite started-at="2025-02-20T16:44:16 IST" name="Default suite" finished-at="2025-02-20T16:44:23 IST" duration-ms="7236">
    <groups>
    </groups>
    <test started-at="2025-02-20T16:44:16 IST" name="Default test" finished-at="2025-02-20T16:44:23 IST" duration-ms="7236">
      <class name="day18.Amazon">
        <test-method is-config="true" signature="setUp()[pri:0, instance:day18.Amazon@3e58a80e]" started-at="2025-02-20T16:44:16 IST" name="setUp" finished-at="2025-02-20T16:44:20 IST" duration-ms="4667" status="PASS">
          <reporter-output>
          </reporter-output>
        </test-method> <!-- setUp -->
        <test-method signature="yourOrder()[pri:0, instance:day18.Amazon@3e58a80e]" started-at="2025-02-20T16:44:20 IST" name="yourOrder" finished-at="2025-02-20T16:44:23 IST" duration-ms="2221" status="PASS">
          <reporter-output>
          </reporter-output>
        </test-method> <!-- yourOrder -->
        <test-method is-config="true" signature="tearDown()[pri:0, instance:day18.Amazon@3e58a80e]" started-at="2025-02-20T16:44:23 IST" name="tearDown" finished-at="2025-02-20T16:44:23 IST" duration-ms="274" status="PASS">
          <reporter-output>
          </reporter-output>
        </test-method> <!-- tearDown -->
      </class> <!-- day18.Amazon -->
    </test> <!-- Default test -->
  </suite> <!-- Default suite -->
</testng-results>
