<?xml version="1.0" encoding="UTF-8"?>
<testng-results ignored="0" total="9" passed="9" failed="0" skipped="0">
  <reporter-output>
  </reporter-output>
  <suite started-at="2024-11-15T10:10:55 IST" name="Suite" finished-at="2024-11-15T10:11:30 IST" duration-ms="35543">
    <groups>
    </groups>
    <test started-at="2024-11-15T10:10:55 IST" name="ChromeTest" finished-at="2024-11-15T10:11:05 IST" duration-ms="10322">
      <class name="day45.ParamTest">
        <test-method is-config="true" signature="setUp(java.lang.String)[pri:0, instance:day45.ParamTest@5af3afd9]" started-at="2024-11-15T10:10:55 IST" name="setUp" finished-at="2024-11-15T10:11:05 IST" duration-ms="9988" status="PASS">
          <params>
            <param index="0">
              <value>
                <![CDATA[chrome]]>
              </value>
            </param>
          </params>
          <reporter-output>
          </reporter-output>
        </test-method> <!-- setUp -->
        <test-method signature="testLogo()[pri:1, instance:day45.ParamTest@5af3afd9]" started-at="2024-11-15T10:11:05 IST" name="testLogo" finished-at="2024-11-15T10:11:05 IST" duration-ms="79" status="PASS">
          <reporter-output>
          </reporter-output>
        </test-method> <!-- testLogo -->
        <test-method signature="testTitle()[pri:2, instance:day45.ParamTest@5af3afd9]" started-at="2024-11-15T10:11:05 IST" name="testTitle" finished-at="2024-11-15T10:11:05 IST" duration-ms="12" status="PASS">
          <reporter-output>
          </reporter-output>
        </test-method> <!-- testTitle -->
        <test-method signature="testURL()[pri:3, instance:day45.ParamTest@5af3afd9]" started-at="2024-11-15T10:11:05 IST" name="testURL" finished-at="2024-11-15T10:11:05 IST" duration-ms="9" status="PASS">
          <reporter-output>
          </reporter-output>
        </test-method> <!-- testURL -->
        <test-method is-config="true" signature="tearDown()[pri:0, instance:day45.ParamTest@5af3afd9]" started-at="2024-11-15T10:11:05 IST" name="tearDown" finished-at="2024-11-15T10:11:05 IST" duration-ms="183" status="PASS">
          <reporter-output>
          </reporter-output>
        </test-method> <!-- tearDown -->
      </class> <!-- day45.ParamTest -->
    </test> <!-- ChromeTest -->
    <test started-at="2024-11-15T10:11:05 IST" name="EdgeTest" finished-at="2024-11-15T10:11:17 IST" duration-ms="11605">
      <class name="day45.ParamTest">
        <test-method is-config="true" signature="setUp(java.lang.String)[pri:0, instance:day45.ParamTest@7f0eb4b4]" started-at="2024-11-15T10:11:05 IST" name="setUp" finished-at="2024-11-15T10:11:16 IST" duration-ms="11284" status="PASS">
          <params>
            <param index="0">
              <value>
                <![CDATA[edge]]>
              </value>
            </param>
          </params>
          <reporter-output>
          </reporter-output>
        </test-method> <!-- setUp -->
        <test-method signature="testLogo()[pri:1, instance:day45.ParamTest@7f0eb4b4]" started-at="2024-11-15T10:11:16 IST" name="testLogo" finished-at="2024-11-15T10:11:16 IST" duration-ms="37" status="PASS">
          <reporter-output>
          </reporter-output>
        </test-method> <!-- testLogo -->
        <test-method signature="testTitle()[pri:2, instance:day45.ParamTest@7f0eb4b4]" started-at="2024-11-15T10:11:16 IST" name="testTitle" finished-at="2024-11-15T10:11:16 IST" duration-ms="12" status="PASS">
          <reporter-output>
          </reporter-output>
        </test-method> <!-- testTitle -->
        <test-method signature="testURL()[pri:3, instance:day45.ParamTest@7f0eb4b4]" started-at="2024-11-15T10:11:16 IST" name="testURL" finished-at="2024-11-15T10:11:16 IST" duration-ms="11" status="PASS">
          <reporter-output>
          </reporter-output>
        </test-method> <!-- testURL -->
        <test-method is-config="true" signature="tearDown()[pri:0, instance:day45.ParamTest@7f0eb4b4]" started-at="2024-11-15T10:11:16 IST" name="tearDown" finished-at="2024-11-15T10:11:17 IST" duration-ms="250" status="PASS">
          <reporter-output>
          </reporter-output>
        </test-method> <!-- tearDown -->
      </class> <!-- day45.ParamTest -->
    </test> <!-- EdgeTest -->
    <test started-at="2024-11-15T10:11:17 IST" name="FirefoxTest" finished-at="2024-11-15T10:11:30 IST" duration-ms="13508">
      <class name="day45.ParamTest">
        <test-method is-config="true" signature="setUp(java.lang.String)[pri:0, instance:day45.ParamTest@223191a6]" started-at="2024-11-15T10:11:17 IST" name="setUp" finished-at="2024-11-15T10:11:29 IST" duration-ms="12373" status="PASS">
          <params>
            <param index="0">
              <value>
                <![CDATA[firefox]]>
              </value>
            </param>
          </params>
          <reporter-output>
          </reporter-output>
        </test-method> <!-- setUp -->
        <test-method signature="testLogo()[pri:1, instance:day45.ParamTest@223191a6]" started-at="2024-11-15T10:11:29 IST" name="testLogo" finished-at="2024-11-15T10:11:29 IST" duration-ms="74" status="PASS">
          <reporter-output>
          </reporter-output>
        </test-method> <!-- testLogo -->
        <test-method signature="testTitle()[pri:2, instance:day45.ParamTest@223191a6]" started-at="2024-11-15T10:11:29 IST" name="testTitle" finished-at="2024-11-15T10:11:29 IST" duration-ms="7" status="PASS">
          <reporter-output>
          </reporter-output>
        </test-method> <!-- testTitle -->
        <test-method signature="testURL()[pri:3, instance:day45.ParamTest@223191a6]" started-at="2024-11-15T10:11:29 IST" name="testURL" finished-at="2024-11-15T10:11:29 IST" duration-ms="5" status="PASS">
          <reporter-output>
          </reporter-output>
        </test-method> <!-- testURL -->
        <test-method is-config="true" signature="tearDown()[pri:0, instance:day45.ParamTest@223191a6]" started-at="2024-11-15T10:11:29 IST" name="tearDown" finished-at="2024-11-15T10:11:30 IST" duration-ms="1042" status="PASS">
          <reporter-output>
          </reporter-output>
        </test-method> <!-- tearDown -->
      </class> <!-- day45.ParamTest -->
    </test> <!-- FirefoxTest -->
  </suite> <!-- Suite -->
</testng-results>
